[2026-06-09 15:39:18,161] WARNING django.server "GET /static/assets/bootstrap-icons/font/bootstrap-icons.css HTTP/1.1" 404 2068
[2026-06-09 15:39:20,171] WARNING django.request Not Found: /service-worker.js
[2026-06-09 15:39:20,172] WARNING django.server "GET /service-worker.js HTTP/1.1" 404 9027
[2026-06-09 15:39:49,183] WARNING django.request Not Found: /service-worker.js
[2026-06-09 15:39:49,184] WARNING django.server "GET /service-worker.js HTTP/1.1" 404 9027
[2026-06-09 15:42:41,171] WARNING django.server "GET /static/assets/bootstrap-icons/font/bootstrap-icons.css HTTP/1.1" 404 2068
[2026-06-09 15:42:42,764] WARNING django.request Not Found: /service-worker.js
[2026-06-09 15:42:42,765] WARNING django.server "GET /service-worker.js HTTP/1.1" 404 9027
[2026-06-09 15:43:06,506] WARNING django.request Not Found: /service-worker.js
[2026-06-09 15:43:06,507] WARNING django.server "GET /service-worker.js HTTP/1.1" 404 9027
[2026-06-09 15:43:35,964] WARNING django.request Not Found: /service-worker.js
[2026-06-09 15:43:35,964] WARNING django.server "GET /service-worker.js HTTP/1.1" 404 9027
[2026-06-09 17:55:27,429] WARNING django.request Not Found: /service-worker.js
[2026-06-09 17:55:27,430] WARNING django.server "GET /service-worker.js HTTP/1.1" 404 9027
[2026-06-09 18:22:59,303] WARNING django.request Not Found: /service-worker.js
[2026-06-09 18:22:59,304] WARNING django.server "GET /service-worker.js HTTP/1.1" 404 9027
[2026-06-10 11:11:04,733] WARNING django.server "GET /static/assets/bootstrap-icons/font/bootstrap-icons.css HTTP/1.1" 404 2068
[2026-06-10 11:11:04,824] WARNING django.request Not Found: /favicon.ico
[2026-06-10 11:11:04,825] WARNING django.server "GET /favicon.ico HTTP/1.1" 404 9009
[2026-06-10 11:54:27,386] ERROR django.request Internal Server Error: /medicine/low-stock-count/
Traceback (most recent call last):
  File "/home/brainstream/Documents/online_doctor_appointment_system/venv/lib/python3.12/site-packages/django/db/backends/base/base.py", line 279, in ensure_connection
    self.connect()
  File "/home/brainstream/Documents/online_doctor_appointment_system/venv/lib/python3.12/site-packages/django/utils/asyncio.py", line 26, in inner
    return func(*args, **kwargs)
           ^^^^^^^^^^^^^^^^^^^^^
  File "/home/brainstream/Documents/online_doctor_appointment_system/venv/lib/python3.12/site-packages/django/db/backends/base/base.py", line 256, in connect
    self.connection = self.get_new_connection(conn_params)
                      ^^^^^^^^^^^^^^^^^^^^^^^^^^^^^^^^^^^^
  File "/home/brainstream/Documents/online_doctor_appointment_system/venv/lib/python3.12/site-packages/django/utils/asyncio.py", line 26, in inner
    return func(*args, **kwargs)
           ^^^^^^^^^^^^^^^^^^^^^
  File "/home/brainstream/Documents/online_doctor_appointment_system/venv/lib/python3.12/site-packages/django/db/backends/postgresql/base.py", line 333, in get_new_connection
    connection = self.Database.connect(**conn_params)
                 ^^^^^^^^^^^^^^^^^^^^^^^^^^^^^^^^^^^^
  File "/home/brainstream/Documents/online_doctor_appointment_system/venv/lib/python3.12/site-packages/psycopg2/__init__.py", line 122, in connect
    conn = _connect(dsn, connection_factory=connection_factory, **kwasync)
           ^^^^^^^^^^^^^^^^^^^^^^^^^^^^^^^^^^^^^^^^^^^^^^^^^^^^^^^^^^^^^^^
psycopg2.OperationalError: connection to server at "localhost" (127.0.0.1), port 5432 failed: Connection refused
	Is the server running on that host and accepting TCP/IP connections?


The above exception was the direct cause of the following exception:

Traceback (most recent call last):
  File "/home/brainstream/Documents/online_doctor_appointment_system/venv/lib/python3.12/site-packages/django/core/handlers/exception.py", line 55, in inner
    response = get_response(request)
               ^^^^^^^^^^^^^^^^^^^^^
  File "/home/brainstream/Documents/online_doctor_appointment_system/venv/lib/python3.12/site-packages/django/core/handlers/base.py", line 198, in _get_response
    response = wrapped_callback(request, *callback_args, **callback_kwargs)
               ^^^^^^^^^^^^^^^^^^^^^^^^^^^^^^^^^^^^^^^^^^^^^^^^^^^^^^^^^^^^
  File "/home/brainstream/Documents/online_doctor_appointment_system/doctor_mgmt/medicine/views.py", line 382, in low_stock_count
    ).count()
      ^^^^^^^
  File "/home/brainstream/Documents/online_doctor_appointment_system/venv/lib/python3.12/site-packages/django/db/models/query.py", line 610, in count
    return self.query.get_count(using=self.db)
           ^^^^^^^^^^^^^^^^^^^^^^^^^^^^^^^^^^^
  File "/home/brainstream/Documents/online_doctor_appointment_system/venv/lib/python3.12/site-packages/django/db/models/sql/query.py", line 656, in get_count
    return obj.get_aggregation(using, {"__count": Count("*")})["__count"]
           ^^^^^^^^^^^^^^^^^^^^^^^^^^^^^^^^^^^^^^^^^^^^^^^^^^^
  File "/home/brainstream/Documents/online_doctor_appointment_system/venv/lib/python3.12/site-packages/django/db/models/sql/query.py", line 638, in get_aggregation
    result = compiler.execute_sql(SINGLE)
             ^^^^^^^^^^^^^^^^^^^^^^^^^^^^
  File "/home/brainstream/Documents/online_doctor_appointment_system/venv/lib/python3.12/site-packages/django/db/models/sql/compiler.py", line 1622, in execute_sql
    cursor = self.connection.cursor()
             ^^^^^^^^^^^^^^^^^^^^^^^^
  File "/home/brainstream/Documents/online_doctor_appointment_system/venv/lib/python3.12/site-packages/django/utils/asyncio.py", line 26, in inner
    return func(*args, **kwargs)
           ^^^^^^^^^^^^^^^^^^^^^
  File "/home/brainstream/Documents/online_doctor_appointment_system/venv/lib/python3.12/site-packages/django/db/backends/base/base.py", line 320, in cursor
    return self._cursor()
           ^^^^^^^^^^^^^^
  File "/home/brainstream/Documents/online_doctor_appointment_system/venv/lib/python3.12/site-packages/django/db/backends/base/base.py", line 296, in _cursor
    self.ensure_connection()
  File "/home/brainstream/Documents/online_doctor_appointment_system/venv/lib/python3.12/site-packages/django/utils/asyncio.py", line 26, in inner
    return func(*args, **kwargs)
           ^^^^^^^^^^^^^^^^^^^^^
  File "/home/brainstream/Documents/online_doctor_appointment_system/venv/lib/python3.12/site-packages/django/db/backends/base/base.py", line 278, in ensure_connection
    with self.wrap_database_errors:
  File "/home/brainstream/Documents/online_doctor_appointment_system/venv/lib/python3.12/site-packages/django/db/utils.py", line 94, in __exit__
    raise dj_exc_value.with_traceback(traceback) from exc_value
  File "/home/brainstream/Documents/online_doctor_appointment_system/venv/lib/python3.12/site-packages/django/db/backends/base/base.py", line 279, in ensure_connection
    self.connect()
  File "/home/brainstream/Documents/online_doctor_appointment_system/venv/lib/python3.12/site-packages/django/utils/asyncio.py", line 26, in inner
    return func(*args, **kwargs)
           ^^^^^^^^^^^^^^^^^^^^^
  File "/home/brainstream/Documents/online_doctor_appointment_system/venv/lib/python3.12/site-packages/django/db/backends/base/base.py", line 256, in connect
    self.connection = self.get_new_connection(conn_params)
                      ^^^^^^^^^^^^^^^^^^^^^^^^^^^^^^^^^^^^
  File "/home/brainstream/Documents/online_doctor_appointment_system/venv/lib/python3.12/site-packages/django/utils/asyncio.py", line 26, in inner
    return func(*args, **kwargs)
           ^^^^^^^^^^^^^^^^^^^^^
  File "/home/brainstream/Documents/online_doctor_appointment_system/venv/lib/python3.12/site-packages/django/db/backends/postgresql/base.py", line 333, in get_new_connection
    connection = self.Database.connect(**conn_params)
                 ^^^^^^^^^^^^^^^^^^^^^^^^^^^^^^^^^^^^
  File "/home/brainstream/Documents/online_doctor_appointment_system/venv/lib/python3.12/site-packages/psycopg2/__init__.py", line 122, in connect
    conn = _connect(dsn, connection_factory=connection_factory, **kwasync)
           ^^^^^^^^^^^^^^^^^^^^^^^^^^^^^^^^^^^^^^^^^^^^^^^^^^^^^^^^^^^^^^^
django.db.utils.OperationalError: connection to server at "localhost" (127.0.0.1), port 5432 failed: Connection refused
	Is the server running on that host and accepting TCP/IP connections?

[2026-06-10 11:54:27,436] ERROR django.server "GET /medicine/low-stock-count/ HTTP/1.1" 500 177968
[2026-06-10 11:55:27,205] ERROR django.request Internal Server Error: /medicine/low-stock-count/
Traceback (most recent call last):
  File "/home/brainstream/Documents/online_doctor_appointment_system/venv/lib/python3.12/site-packages/django/db/backends/base/base.py", line 279, in ensure_connection
    self.connect()
  File "/home/brainstream/Documents/online_doctor_appointment_system/venv/lib/python3.12/site-packages/django/utils/asyncio.py", line 26, in inner
    return func(*args, **kwargs)
           ^^^^^^^^^^^^^^^^^^^^^
  File "/home/brainstream/Documents/online_doctor_appointment_system/venv/lib/python3.12/site-packages/django/db/backends/base/base.py", line 256, in connect
    self.connection = self.get_new_connection(conn_params)
                      ^^^^^^^^^^^^^^^^^^^^^^^^^^^^^^^^^^^^
  File "/home/brainstream/Documents/online_doctor_appointment_system/venv/lib/python3.12/site-packages/django/utils/asyncio.py", line 26, in inner
    return func(*args, **kwargs)
           ^^^^^^^^^^^^^^^^^^^^^
  File "/home/brainstream/Documents/online_doctor_appointment_system/venv/lib/python3.12/site-packages/django/db/backends/postgresql/base.py", line 333, in get_new_connection
    connection = self.Database.connect(**conn_params)
                 ^^^^^^^^^^^^^^^^^^^^^^^^^^^^^^^^^^^^
  File "/home/brainstream/Documents/online_doctor_appointment_system/venv/lib/python3.12/site-packages/psycopg2/__init__.py", line 122, in connect
    conn = _connect(dsn, connection_factory=connection_factory, **kwasync)
           ^^^^^^^^^^^^^^^^^^^^^^^^^^^^^^^^^^^^^^^^^^^^^^^^^^^^^^^^^^^^^^^
psycopg2.OperationalError: connection to server at "localhost" (127.0.0.1), port 5432 failed: Connection refused
	Is the server running on that host and accepting TCP/IP connections?


The above exception was the direct cause of the following exception:

Traceback (most recent call last):
  File "/home/brainstream/Documents/online_doctor_appointment_system/venv/lib/python3.12/site-packages/django/core/handlers/exception.py", line 55, in inner
    response = get_response(request)
               ^^^^^^^^^^^^^^^^^^^^^
  File "/home/brainstream/Documents/online_doctor_appointment_system/venv/lib/python3.12/site-packages/django/core/handlers/base.py", line 198, in _get_response
    response = wrapped_callback(request, *callback_args, **callback_kwargs)
               ^^^^^^^^^^^^^^^^^^^^^^^^^^^^^^^^^^^^^^^^^^^^^^^^^^^^^^^^^^^^
  File "/home/brainstream/Documents/online_doctor_appointment_system/doctor_mgmt/medicine/views.py", line 382, in low_stock_count
    ).count()
      ^^^^^^^
  File "/home/brainstream/Documents/online_doctor_appointment_system/venv/lib/python3.12/site-packages/django/db/models/query.py", line 610, in count
    return self.query.get_count(using=self.db)
           ^^^^^^^^^^^^^^^^^^^^^^^^^^^^^^^^^^^
  File "/home/brainstream/Documents/online_doctor_appointment_system/venv/lib/python3.12/site-packages/django/db/models/sql/query.py", line 656, in get_count
    return obj.get_aggregation(using, {"__count": Count("*")})["__count"]
           ^^^^^^^^^^^^^^^^^^^^^^^^^^^^^^^^^^^^^^^^^^^^^^^^^^^
  File "/home/brainstream/Documents/online_doctor_appointment_system/venv/lib/python3.12/site-packages/django/db/models/sql/query.py", line 638, in get_aggregation
    result = compiler.execute_sql(SINGLE)
             ^^^^^^^^^^^^^^^^^^^^^^^^^^^^
  File "/home/brainstream/Documents/online_doctor_appointment_system/venv/lib/python3.12/site-packages/django/db/models/sql/compiler.py", line 1622, in execute_sql
    cursor = self.connection.cursor()
             ^^^^^^^^^^^^^^^^^^^^^^^^
  File "/home/brainstream/Documents/online_doctor_appointment_system/venv/lib/python3.12/site-packages/django/utils/asyncio.py", line 26, in inner
    return func(*args, **kwargs)
           ^^^^^^^^^^^^^^^^^^^^^
  File "/home/brainstream/Documents/online_doctor_appointment_system/venv/lib/python3.12/site-packages/django/db/backends/base/base.py", line 320, in cursor
    return self._cursor()
           ^^^^^^^^^^^^^^
  File "/home/brainstream/Documents/online_doctor_appointment_system/venv/lib/python3.12/site-packages/django/db/backends/base/base.py", line 296, in _cursor
    self.ensure_connection()
  File "/home/brainstream/Documents/online_doctor_appointment_system/venv/lib/python3.12/site-packages/django/utils/asyncio.py", line 26, in inner
    return func(*args, **kwargs)
           ^^^^^^^^^^^^^^^^^^^^^
  File "/home/brainstream/Documents/online_doctor_appointment_system/venv/lib/python3.12/site-packages/django/db/backends/base/base.py", line 278, in ensure_connection
    with self.wrap_database_errors:
  File "/home/brainstream/Documents/online_doctor_appointment_system/venv/lib/python3.12/site-packages/django/db/utils.py", line 94, in __exit__
    raise dj_exc_value.with_traceback(traceback) from exc_value
  File "/home/brainstream/Documents/online_doctor_appointment_system/venv/lib/python3.12/site-packages/django/db/backends/base/base.py", line 279, in ensure_connection
    self.connect()
  File "/home/brainstream/Documents/online_doctor_appointment_system/venv/lib/python3.12/site-packages/django/utils/asyncio.py", line 26, in inner
    return func(*args, **kwargs)
           ^^^^^^^^^^^^^^^^^^^^^
  File "/home/brainstream/Documents/online_doctor_appointment_system/venv/lib/python3.12/site-packages/django/db/backends/base/base.py", line 256, in connect
    self.connection = self.get_new_connection(conn_params)
                      ^^^^^^^^^^^^^^^^^^^^^^^^^^^^^^^^^^^^
  File "/home/brainstream/Documents/online_doctor_appointment_system/venv/lib/python3.12/site-packages/django/utils/asyncio.py", line 26, in inner
    return func(*args, **kwargs)
           ^^^^^^^^^^^^^^^^^^^^^
  File "/home/brainstream/Documents/online_doctor_appointment_system/venv/lib/python3.12/site-packages/django/db/backends/postgresql/base.py", line 333, in get_new_connection
    connection = self.Database.connect(**conn_params)
                 ^^^^^^^^^^^^^^^^^^^^^^^^^^^^^^^^^^^^
  File "/home/brainstream/Documents/online_doctor_appointment_system/venv/lib/python3.12/site-packages/psycopg2/__init__.py", line 122, in connect
    conn = _connect(dsn, connection_factory=connection_factory, **kwasync)
           ^^^^^^^^^^^^^^^^^^^^^^^^^^^^^^^^^^^^^^^^^^^^^^^^^^^^^^^^^^^^^^^
django.db.utils.OperationalError: connection to server at "localhost" (127.0.0.1), port 5432 failed: Connection refused
	Is the server running on that host and accepting TCP/IP connections?

[2026-06-10 11:55:27,208] ERROR django.server "GET /medicine/low-stock-count/ HTTP/1.1" 500 177968
[2026-06-10 11:56:27,904] ERROR django.request Internal Server Error: /medicine/low-stock-count/
Traceback (most recent call last):
  File "/home/brainstream/Documents/online_doctor_appointment_system/venv/lib/python3.12/site-packages/django/db/backends/base/base.py", line 279, in ensure_connection
    self.connect()
  File "/home/brainstream/Documents/online_doctor_appointment_system/venv/lib/python3.12/site-packages/django/utils/asyncio.py", line 26, in inner
    return func(*args, **kwargs)
           ^^^^^^^^^^^^^^^^^^^^^
  File "/home/brainstream/Documents/online_doctor_appointment_system/venv/lib/python3.12/site-packages/django/db/backends/base/base.py", line 256, in connect
    self.connection = self.get_new_connection(conn_params)
                      ^^^^^^^^^^^^^^^^^^^^^^^^^^^^^^^^^^^^
  File "/home/brainstream/Documents/online_doctor_appointment_system/venv/lib/python3.12/site-packages/django/utils/asyncio.py", line 26, in inner
    return func(*args, **kwargs)
           ^^^^^^^^^^^^^^^^^^^^^
  File "/home/brainstream/Documents/online_doctor_appointment_system/venv/lib/python3.12/site-packages/django/db/backends/postgresql/base.py", line 333, in get_new_connection
    connection = self.Database.connect(**conn_params)
                 ^^^^^^^^^^^^^^^^^^^^^^^^^^^^^^^^^^^^
  File "/home/brainstream/Documents/online_doctor_appointment_system/venv/lib/python3.12/site-packages/psycopg2/__init__.py", line 122, in connect
    conn = _connect(dsn, connection_factory=connection_factory, **kwasync)
           ^^^^^^^^^^^^^^^^^^^^^^^^^^^^^^^^^^^^^^^^^^^^^^^^^^^^^^^^^^^^^^^
psycopg2.OperationalError: connection to server at "localhost" (127.0.0.1), port 5432 failed: Connection refused
	Is the server running on that host and accepting TCP/IP connections?


The above exception was the direct cause of the following exception:

Traceback (most recent call last):
  File "/home/brainstream/Documents/online_doctor_appointment_system/venv/lib/python3.12/site-packages/django/core/handlers/exception.py", line 55, in inner
    response = get_response(request)
               ^^^^^^^^^^^^^^^^^^^^^
  File "/home/brainstream/Documents/online_doctor_appointment_system/venv/lib/python3.12/site-packages/django/core/handlers/base.py", line 198, in _get_response
    response = wrapped_callback(request, *callback_args, **callback_kwargs)
               ^^^^^^^^^^^^^^^^^^^^^^^^^^^^^^^^^^^^^^^^^^^^^^^^^^^^^^^^^^^^
  File "/home/brainstream/Documents/online_doctor_appointment_system/doctor_mgmt/medicine/views.py", line 382, in low_stock_count
    ).count()
      ^^^^^^^
  File "/home/brainstream/Documents/online_doctor_appointment_system/venv/lib/python3.12/site-packages/django/db/models/query.py", line 610, in count
    return self.query.get_count(using=self.db)
           ^^^^^^^^^^^^^^^^^^^^^^^^^^^^^^^^^^^
  File "/home/brainstream/Documents/online_doctor_appointment_system/venv/lib/python3.12/site-packages/django/db/models/sql/query.py", line 656, in get_count
    return obj.get_aggregation(using, {"__count": Count("*")})["__count"]
           ^^^^^^^^^^^^^^^^^^^^^^^^^^^^^^^^^^^^^^^^^^^^^^^^^^^
  File "/home/brainstream/Documents/online_doctor_appointment_system/venv/lib/python3.12/site-packages/django/db/models/sql/query.py", line 638, in get_aggregation
    result = compiler.execute_sql(SINGLE)
             ^^^^^^^^^^^^^^^^^^^^^^^^^^^^
  File "/home/brainstream/Documents/online_doctor_appointment_system/venv/lib/python3.12/site-packages/django/db/models/sql/compiler.py", line 1622, in execute_sql
    cursor = self.connection.cursor()
             ^^^^^^^^^^^^^^^^^^^^^^^^
  File "/home/brainstream/Documents/online_doctor_appointment_system/venv/lib/python3.12/site-packages/django/utils/asyncio.py", line 26, in inner
    return func(*args, **kwargs)
           ^^^^^^^^^^^^^^^^^^^^^
  File "/home/brainstream/Documents/online_doctor_appointment_system/venv/lib/python3.12/site-packages/django/db/backends/base/base.py", line 320, in cursor
    return self._cursor()
           ^^^^^^^^^^^^^^
  File "/home/brainstream/Documents/online_doctor_appointment_system/venv/lib/python3.12/site-packages/django/db/backends/base/base.py", line 296, in _cursor
    self.ensure_connection()
  File "/home/brainstream/Documents/online_doctor_appointment_system/venv/lib/python3.12/site-packages/django/utils/asyncio.py", line 26, in inner
    return func(*args, **kwargs)
           ^^^^^^^^^^^^^^^^^^^^^
  File "/home/brainstream/Documents/online_doctor_appointment_system/venv/lib/python3.12/site-packages/django/db/backends/base/base.py", line 278, in ensure_connection
    with self.wrap_database_errors:
  File "/home/brainstream/Documents/online_doctor_appointment_system/venv/lib/python3.12/site-packages/django/db/utils.py", line 94, in __exit__
    raise dj_exc_value.with_traceback(traceback) from exc_value
  File "/home/brainstream/Documents/online_doctor_appointment_system/venv/lib/python3.12/site-packages/django/db/backends/base/base.py", line 279, in ensure_connection
    self.connect()
  File "/home/brainstream/Documents/online_doctor_appointment_system/venv/lib/python3.12/site-packages/django/utils/asyncio.py", line 26, in inner
    return func(*args, **kwargs)
           ^^^^^^^^^^^^^^^^^^^^^
  File "/home/brainstream/Documents/online_doctor_appointment_system/venv/lib/python3.12/site-packages/django/db/backends/base/base.py", line 256, in connect
    self.connection = self.get_new_connection(conn_params)
                      ^^^^^^^^^^^^^^^^^^^^^^^^^^^^^^^^^^^^
  File "/home/brainstream/Documents/online_doctor_appointment_system/venv/lib/python3.12/site-packages/django/utils/asyncio.py", line 26, in inner
    return func(*args, **kwargs)
           ^^^^^^^^^^^^^^^^^^^^^
  File "/home/brainstream/Documents/online_doctor_appointment_system/venv/lib/python3.12/site-packages/django/db/backends/postgresql/base.py", line 333, in get_new_connection
    connection = self.Database.connect(**conn_params)
                 ^^^^^^^^^^^^^^^^^^^^^^^^^^^^^^^^^^^^
  File "/home/brainstream/Documents/online_doctor_appointment_system/venv/lib/python3.12/site-packages/psycopg2/__init__.py", line 122, in connect
    conn = _connect(dsn, connection_factory=connection_factory, **kwasync)
           ^^^^^^^^^^^^^^^^^^^^^^^^^^^^^^^^^^^^^^^^^^^^^^^^^^^^^^^^^^^^^^^
django.db.utils.OperationalError: connection to server at "localhost" (127.0.0.1), port 5432 failed: Connection refused
	Is the server running on that host and accepting TCP/IP connections?

[2026-06-10 11:56:27,908] ERROR django.server "GET /medicine/low-stock-count/ HTTP/1.1" 500 177968
[2026-06-10 14:08:24,376] WARNING django.request Not Found: /service-worker.js
[2026-06-10 14:08:24,389] WARNING django.server "GET /service-worker.js HTTP/1.1" 404 9027
[2026-06-10 14:54:12,207] WARNING django.request Not Found: /service-worker.js
[2026-06-10 14:54:12,208] WARNING django.server "GET /service-worker.js HTTP/1.1" 404 9027
